
> yallaviral@0.1.0 build
> next build

▲ Next.js 16.1.6 (Turbopack)
- Environments: .env.local

⚠ The "middleware" file convention is deprecated. Please use "proxy" instead. Learn more: https://nextjs.org/docs/messages/middleware-to-proxy
  Creating an optimized production build ...
✓ Compiled successfully in 37.2s
  Running TypeScript ...
  Collecting page data using 7 workers ...
  Generating static pages using 7 workers (0/20) ...
  Generating static pages using 7 workers (5/20) 
  Generating static pages using 7 workers (10/20) 
  Generating static pages using 7 workers (15/20) 
✓ Generating static pages using 7 workers (20/20) in 990.8ms
  Finalizing page optimization ...

Route (app)
┌ ƒ /
├ ƒ /_not-found
├ ƒ /admin
├ ƒ /admin/bookings
├ ƒ /admin/bookings/[id]
├ ƒ /admin/models
├ ƒ /admin/others
├ ƒ /admin/studios
├ ƒ /admin/users
├ ƒ /analytics
├ ƒ /api/payment/callback
├ ƒ /auth/callback
├ ƒ /auth/reset-password
├ ƒ /campaign
├ ƒ /checkout/[id]
├ ƒ /dashboard
├ ƒ /legal/privacy
├ ƒ /legal/terms
├ ƒ /login
├ ƒ /login/forgot-password
├ ƒ /requests
├ ƒ /requests/[id]
├ ○ /robots.txt
├ ƒ /settings
├ ƒ /signup
├ ○ /sitemap.xml
├ ƒ /studio
└ ƒ /success


ƒ Proxy (Middleware)

○  (Static)   prerendered as static content
ƒ  (Dynamic)  server-rendered on demand

